<?xml version="1.0" encoding="UTF-8"?>
<!-- Generated by org.testng.reporters.JUnitReportReporter -->
<testsuite hostname="ININTDT115620" name="com.way2selenium.testcases.TestCases" tests="1" failures="0" timestamp="12 Apr 2017 13:10:44 GMT" time="9.795" errors="0">
  <testcase name="contactForm" time="9.795" classname="com.way2selenium.testcases.TestCases"/>
</testsuite> <!-- com.way2selenium.testcases.TestCases -->
