<?xml version="1.0" encoding="UTF-8"?>
<!-- Generated by org.testng.reporters.JUnitReportReporter -->
<testsuite hostname="ININTDT115620" name="tests.Filling_Contact_Form" tests="1" failures="0" timestamp="13 Apr 2017 05:32:30 GMT" time="8.749" errors="0">
  <testcase name="fill_contact_Form" time="8.749" classname="tests.Filling_Contact_Form"/>
</testsuite> <!-- tests.Filling_Contact_Form -->
