<?xml version="1.0" encoding="UTF-8"?>
<!-- Generated by org.testng.reporters.JUnitReportReporter -->
<testsuite hostname="AJRL160" name="com.way2selenium.pageObjects.TakeScreenShot" tests="1" failures="0" timestamp="7 Sep 2016 06:44:41 GMT" time="11.626" errors="0">
  <testcase name="setup" time="11.626" classname="com.way2selenium.pageObjects.TakeScreenShot"/>
</testsuite> <!-- com.way2selenium.pageObjects.TakeScreenShot -->
